C:\Users\t-jawoon\documents\visual studio 2017\Projects\MultiTicTacToe\MultiTicTacToe\wwwroot\Scripts\ttt.js
C:\Users\t-jawoon\documents\visual studio 2017\Projects\MultiTicTacToe\MultiTicTacToe\wwwroot\Scripts\ttt.js.map
C:\Users\t-jawoon\documents\visual studio 2017\Projects\MultiTicTacToe\MultiTicTacToe\wwwroot\Scripts\ttt.js
C:\Users\t-jawoon\documents\visual studio 2017\Projects\MultiTicTacToe\MultiTicTacToe\wwwroot\Scripts\ttt.js.map
C:\Users\t-jawoon\documents\visual studio 2017\Projects\MultiTicTacToe\MultiTicTacToe\wwwroot\Scripts\ttt.js
C:\Users\t-jawoon\documents\visual studio 2017\Projects\MultiTicTacToe\MultiTicTacToe\wwwroot\Scripts\ttt.js.map
C:\Users\t-jawoon\documents\visual studio 2017\Projects\MultiTicTacToe\MultiTicTacToe\wwwroot\Scripts\ttt.js
C:\Users\t-jawoon\documents\visual studio 2017\Projects\MultiTicTacToe\MultiTicTacToe\wwwroot\Scripts\ttt.js.map
C:\Users\t-jawoon\documents\visual studio 2017\Projects\MultiTicTacToe\MultiTicTacToe\wwwroot\Scripts\ttt.js
C:\Users\t-jawoon\documents\visual studio 2017\Projects\MultiTicTacToe\MultiTicTacToe\wwwroot\Scripts\ttt.js.map
C:\Users\t-jawoon\documents\visual studio 2017\Projects\MultiTicTacToe\MultiTicTacToe\wwwroot\Scripts\ttt.js
C:\Users\t-jawoon\documents\visual studio 2017\Projects\MultiTicTacToe\MultiTicTacToe\wwwroot\Scripts\ttt.js.map
C:\Users\t-jawoon\documents\visual studio 2017\Projects\MultiTicTacToe\MultiTicTacToe\wwwroot\Scripts\ttt.js
C:\Users\t-jawoon\documents\visual studio 2017\Projects\MultiTicTacToe\MultiTicTacToe\wwwroot\Scripts\ttt.js.map
C:\Users\t-jawoon\documents\visual studio 2017\Projects\MultiTicTacToe\MultiTicTacToe\wwwroot\Scripts\ttt.js
C:\Users\t-jawoon\documents\visual studio 2017\Projects\MultiTicTacToe\MultiTicTacToe\wwwroot\Scripts\ttt.js.map
C:\Users\Jasmine\Dropbox\Microsoft Internship\MultiTicTacToe\MultiTicTacToe\wwwroot\Scripts\ttt.js
C:\Users\Jasmine\Dropbox\Microsoft Internship\MultiTicTacToe\MultiTicTacToe\wwwroot\Scripts\ttt.js.map
C:\Users\Jasmine\Dropbox\Microsoft Internship\MultiTicTacToe\MultiTicTacToe\wwwroot\Scripts\ttt.js
C:\Users\Jasmine\Dropbox\Microsoft Internship\MultiTicTacToe\MultiTicTacToe\wwwroot\Scripts\ttt.js.map
C:\Users\Jasmine\Dropbox\Microsoft Internship\MultiTicTacToe\MultiTicTacToe\wwwroot\Scripts\ttt.js
C:\Users\Jasmine\Dropbox\Microsoft Internship\MultiTicTacToe\MultiTicTacToe\wwwroot\Scripts\ttt.js.map
C:\Users\Jasmine\Dropbox\Microsoft Internship\MultiTicTacToe\MultiTicTacToe\wwwroot\Scripts\ttt.js
C:\Users\Jasmine\Dropbox\Microsoft Internship\MultiTicTacToe\MultiTicTacToe\wwwroot\Scripts\ttt.js.map
C:\Users\t-jawoon\Dropbox\Microsoft Internship\MultiTicTacToe\MultiTicTacToe\wwwroot\Scripts\ttt.js
C:\Users\t-jawoon\Dropbox\Microsoft Internship\MultiTicTacToe\MultiTicTacToe\wwwroot\Scripts\ttt.js.map
C:\Users\t-jawoon\Dropbox\Microsoft Internship\MultiTicTacToe\MultiTicTacToe\wwwroot\Scripts\ttt.js
C:\Users\t-jawoon\Dropbox\Microsoft Internship\MultiTicTacToe\MultiTicTacToe\wwwroot\Scripts\ttt.js.map
C:\Users\t-jawoon\Dropbox\Microsoft Internship\MultiTicTacToe\MultiTicTacToe\wwwroot\Scripts\ttt.js
C:\Users\t-jawoon\Dropbox\Microsoft Internship\MultiTicTacToe\MultiTicTacToe\wwwroot\Scripts\ttt.js.map
C:\Users\t-jawoon\Dropbox\Microsoft Internship\MultiTicTacToe\MultiTicTacToe\wwwroot\Scripts\ttt.js
C:\Users\t-jawoon\Dropbox\Microsoft Internship\MultiTicTacToe\MultiTicTacToe\wwwroot\Scripts\ttt.js.map
C:\Users\t-jawoon\Dropbox\Microsoft Internship\MultiTicTacToe\MultiTicTacToe\wwwroot\Scripts\ttt.js
C:\Users\t-jawoon\Dropbox\Microsoft Internship\MultiTicTacToe\MultiTicTacToe\wwwroot\Scripts\ttt.js.map
C:\Users\t-jawoon\Dropbox\Microsoft Internship\MultiTicTacToe\MultiTicTacToe\wwwroot\Scripts\ttt.js
C:\Users\t-jawoon\Dropbox\Microsoft Internship\MultiTicTacToe\MultiTicTacToe\wwwroot\Scripts\ttt.js.map
C:\Users\t-jawoon\Dropbox\Microsoft Internship\MultiTicTacToe\MultiTicTacToe\wwwroot\Scripts\ttt.js
C:\Users\t-jawoon\Dropbox\Microsoft Internship\MultiTicTacToe\MultiTicTacToe\wwwroot\Scripts\ttt.js.map
C:\Users\t-jawoon\Dropbox\Microsoft Internship\MultiTicTacToe\MultiTicTacToe\wwwroot\Scripts\ttt.js
C:\Users\t-jawoon\Dropbox\Microsoft Internship\MultiTicTacToe\MultiTicTacToe\wwwroot\Scripts\ttt.js.map
C:\Users\t-jawoon\Dropbox\Microsoft Internship\MultiTicTacToe\MultiTicTacToe\wwwroot\Scripts\ttt.js
C:\Users\t-jawoon\Dropbox\Microsoft Internship\MultiTicTacToe\MultiTicTacToe\wwwroot\Scripts\ttt.js.map
C:\Users\t-jawoon\Dropbox\Microsoft Internship\MultiTicTacToe\MultiTicTacToe\wwwroot\Scripts\ttt.js
C:\Users\t-jawoon\Dropbox\Microsoft Internship\MultiTicTacToe\MultiTicTacToe\wwwroot\Scripts\ttt.js.map
C:\Users\t-jawoon\Dropbox\Microsoft Internship\MultiTicTacToe\MultiTicTacToe\wwwroot\Scripts\ttt.js
C:\Users\t-jawoon\Dropbox\Microsoft Internship\MultiTicTacToe\MultiTicTacToe\wwwroot\Scripts\ttt.js.map
C:\Users\t-jawoon\Dropbox\Microsoft Internship\MultiTicTacToe\MultiTicTacToe\wwwroot\Scripts\ttt.js
C:\Users\t-jawoon\Dropbox\Microsoft Internship\MultiTicTacToe\MultiTicTacToe\wwwroot\Scripts\ttt.js.map
C:\Users\t-jawoon\Dropbox\Microsoft Internship\MultiTicTacToe\MultiTicTacToe\wwwroot\Scripts\ttt.js
C:\Users\t-jawoon\Dropbox\Microsoft Internship\MultiTicTacToe\MultiTicTacToe\wwwroot\Scripts\ttt.js.map
C:\Users\t-jawoon\Dropbox\Microsoft Internship\MultiTicTacToe\MultiTicTacToe\wwwroot\Scripts\ttt.js
C:\Users\t-jawoon\Dropbox\Microsoft Internship\MultiTicTacToe\MultiTicTacToe\wwwroot\Scripts\ttt.js.map
C:\Users\t-jawoon\Documents\Visual Studio 2017\Projects\MultiTicTacToe\MultiTicTacToe\wwwroot\Scripts\ttt.js
C:\Users\t-jawoon\Documents\Visual Studio 2017\Projects\MultiTicTacToe\MultiTicTacToe\wwwroot\Scripts\ttt.js.map
C:\Users\t-jawoon\Documents\Visual Studio 2017\Projects\MultiTicTacToe\MultiTicTacToe\wwwroot\Scripts\ttt.js
C:\Users\t-jawoon\Documents\Visual Studio 2017\Projects\MultiTicTacToe\MultiTicTacToe\wwwroot\Scripts\ttt.js.map
C:\Users\t-jawoon\Documents\Visual Studio 2017\Projects\MultiTicTacToe\MultiTicTacToe\wwwroot\Scripts\ttt.js
C:\Users\t-jawoon\Documents\Visual Studio 2017\Projects\MultiTicTacToe\MultiTicTacToe\wwwroot\Scripts\ttt.js.map
C:\Users\t-jawoon\Documents\Visual Studio 2017\Projects\MultiTicTacToe\MultiTicTacToe\wwwroot\Scripts\ttt.js
C:\Users\t-jawoon\Documents\Visual Studio 2017\Projects\MultiTicTacToe\MultiTicTacToe\wwwroot\Scripts\ttt.js.map
C:\Users\t-jawoon\Documents\Visual Studio 2017\Projects\MultiTicTacToe\MultiTicTacToe\wwwroot\Scripts\ttt.js
C:\Users\t-jawoon\Documents\Visual Studio 2017\Projects\MultiTicTacToe\MultiTicTacToe\wwwroot\Scripts\ttt.js.map
C:\Users\t-jawoon\Documents\Visual Studio 2017\Projects\MultiTicTacToe\MultiTicTacToe\wwwroot\Scripts\ttt.js
C:\Users\t-jawoon\Documents\Visual Studio 2017\Projects\MultiTicTacToe\MultiTicTacToe\wwwroot\Scripts\ttt.js.map
C:\Users\t-jawoon\Documents\Visual Studio 2017\Projects\MultiTicTacToe\MultiTicTacToe\wwwroot\Scripts\ttt.js
C:\Users\t-jawoon\Documents\Visual Studio 2017\Projects\MultiTicTacToe\MultiTicTacToe\wwwroot\Scripts\ttt.js.map
C:\Users\t-jawoon\Documents\Visual Studio 2017\Projects\MultiTicTacToe\MultiTicTacToe\wwwroot\Scripts\ttt.js
C:\Users\t-jawoon\Documents\Visual Studio 2017\Projects\MultiTicTacToe\MultiTicTacToe\wwwroot\Scripts\ttt.js.map
C:\Users\t-jawoon\Documents\Visual Studio 2017\Projects\MultiTicTacToe\MultiTicTacToe\wwwroot\Scripts\ttt.js
C:\Users\t-jawoon\Documents\Visual Studio 2017\Projects\MultiTicTacToe\MultiTicTacToe\wwwroot\Scripts\ttt.js.map
C:\Users\t-jawoon\Documents\Visual Studio 2017\Projects\MultiTicTacToe\MultiTicTacToe\wwwroot\Scripts\ttt.js
C:\Users\t-jawoon\Documents\Visual Studio 2017\Projects\MultiTicTacToe\MultiTicTacToe\wwwroot\Scripts\ttt.js.map
C:\Users\t-jawoon\Documents\Visual Studio 2017\Projects\MultiTicTacToe\MultiTicTacToe\wwwroot\Scripts\ttt.js
C:\Users\t-jawoon\Documents\Visual Studio 2017\Projects\MultiTicTacToe\MultiTicTacToe\wwwroot\Scripts\ttt.js.map
C:\Users\t-jawoon\Documents\Visual Studio 2017\Projects\MultiTicTacToe\MultiTicTacToe\wwwroot\Scripts\ttt.js
C:\Users\t-jawoon\Documents\Visual Studio 2017\Projects\MultiTicTacToe\MultiTicTacToe\wwwroot\Scripts\ttt.js.map
C:\Users\t-jawoon\Documents\Visual Studio 2017\Projects\MultiTicTacToe\MultiTicTacToe\wwwroot\Scripts\ttt.js
C:\Users\t-jawoon\Documents\Visual Studio 2017\Projects\MultiTicTacToe\MultiTicTacToe\wwwroot\Scripts\ttt.js.map
C:\Users\t-jawoon\Documents\Visual Studio 2017\Projects\MultiTicTacToe\MultiTicTacToe\wwwroot\Scripts\ttt.js
C:\Users\t-jawoon\Documents\Visual Studio 2017\Projects\MultiTicTacToe\MultiTicTacToe\wwwroot\Scripts\ttt.js.map
